0 info it worked if it ends with ok
1 verbose cli [
1 verbose cli   'C:\\Program Files\\nodejs\\node.exe',
1 verbose cli   'C:\\Users\\seane\\node_modules\\npm\\bin\\npm-cli.js',
1 verbose cli   'run',
1 verbose cli   'wait-for-postgres'
1 verbose cli ]
2 info using npm@2.15.12
3 info using node@v20.13.1
4 verbose stack Error: missing script: wait-for-postgres
4 verbose stack     at run (C:\Users\seane\node_modules\npm\lib\run-script.js:142:19)
4 verbose stack     at C:\Users\seane\node_modules\npm\lib\run-script.js:58:5
4 verbose stack     at C:\Users\seane\node_modules\npm\node_modules\read-package-json\read-json.js:356:5
4 verbose stack     at checkBinReferences_ (C:\Users\seane\node_modules\npm\node_modules\read-package-json\read-json.js:320:45)
4 verbose stack     at final (C:\Users\seane\node_modules\npm\node_modules\read-package-json\read-json.js:354:3)
4 verbose stack     at then (C:\Users\seane\node_modules\npm\node_modules\read-package-json\read-json.js:124:5)
4 verbose stack     at C:\Users\seane\node_modules\npm\node_modules\read-package-json\read-json.js:311:12
4 verbose stack     at C:\Users\seane\node_modules\npm\node_modules\graceful-fs\graceful-fs.js:78:16
4 verbose stack     at FSReqCallback.readFileAfterClose [as oncomplete] (node:internal/fs/read/context:68:3)
5 verbose cwd C:\Users\seane\Documents\Dev\clone-tabnews
6 error Windows_NT 10.0.26100
7 error argv "C:\\Program Files\\nodejs\\node.exe" "C:\\Users\\seane\\node_modules\\npm\\bin\\npm-cli.js" "run" "wait-for-postgres"
8 error node v20.13.1
9 error npm  v2.15.12
10 error missing script: wait-for-postgres
11 error If you need help, you may report this error at:
11 error     <https://github.com/npm/npm/issues>
12 verbose exit [ 1, true ]
